---------------------------------------------------------------
[ 2019-05-18T20:43:44+08:00 ] 106.14.217.247 GET app.taijidjk69.com/
[运行时间：0.019598s] [吞吐率：51.03req/s] [内存消耗：391.44kb] [文件加载：68]
[ info ] [ LANG ] /data/wwwroot/app/thinkphp/lang/zh-cn.php
[ info ] [ ROUTE ] array (
  'type' => 'module',
  'module' => 
  array (
    0 => '',
    1 => NULL,
    2 => NULL,
  ),
)
[ info ] [ HEADER ] array (
  'connection' => 'keep-alive',
  'accept' => 'text/html, image/gif, image/jpeg, *; q=.2, */*; q=.2',
  'host' => 'app.taijidjk69.com',
  'user-agent' => 'Mozilla/5.0 (Linux; Android 4.1.1; Nexus 7 Build/JRO03D))',
  'content-type' => '',
  'content-length' => '',
)
[ info ] [ PARAM ] array (
)
[ info ] [ SESSION ] INIT array (
  'prefix' => 'admin',
  'type' => '',
  'auto_start' => true,
)
[ info ] [ LOG ] INIT File
---------------------------------------------------------------
[ 2019-05-18T20:43:44+08:00 ] 106.14.217.247 GET app.taijidjk69.com/admin/login/index.html
[运行时间：0.019747s] [吞吐率：50.64req/s] [内存消耗：281.27kb] [文件加载：62]
[ info ] [ LANG ] /data/wwwroot/app/thinkphp/lang/zh-cn.php
[ info ] [ ROUTE ] array (
  'type' => 'module',
  'module' => 
  array (
    0 => 'admin',
    1 => 'login',
    2 => 'index',
  ),
)
[ info ] [ HEADER ] array (
  'connection' => 'keep-alive',
  'accept' => 'text/html, image/gif, image/jpeg, *; q=.2, */*; q=.2',
  'host' => 'app.taijidjk69.com',
  'user-agent' => 'Mozilla/5.0 (Linux; Android 4.1.1; Nexus 7 Build/JRO03D))',
  'content-type' => '',
  'content-length' => '',
)
[ info ] [ PARAM ] array (
)
[ info ] [ RUN ] app\admin\controller\Login->index[ /data/wwwroot/app/application/admin/controller/Login.php ]
[ info ] [ VIEW ] /data/wwwroot/app/application/admin/view/login/index.php [ array (
) ]
[ info ] [ LOG ] INIT File
---------------------------------------------------------------
[ 2019-05-18T20:46:37+08:00 ] 139.224.15.159 GET app.taijidjk69.com/
[运行时间：0.020155s] [吞吐率：49.62req/s] [内存消耗：391.45kb] [文件加载：68]
[ info ] [ LANG ] /data/wwwroot/app/thinkphp/lang/zh-cn.php
[ info ] [ ROUTE ] array (
  'type' => 'module',
  'module' => 
  array (
    0 => '',
    1 => NULL,
    2 => NULL,
  ),
)
[ info ] [ HEADER ] array (
  'connection' => 'keep-alive',
  'accept' => 'text/html, image/gif, image/jpeg, *; q=.2, */*; q=.2',
  'host' => 'app.taijidjk69.com',
  'user-agent' => 'Mozilla/5.0 (Linux; Android 4.1.1; Nexus 7 Build/JRO03D))',
  'content-type' => '',
  'content-length' => '',
)
[ info ] [ PARAM ] array (
)
[ info ] [ SESSION ] INIT array (
  'prefix' => 'admin',
  'type' => '',
  'auto_start' => true,
)
[ info ] [ LOG ] INIT File
---------------------------------------------------------------
[ 2019-05-18T20:46:37+08:00 ] 139.224.15.159 GET app.taijidjk69.com/admin/login/index.html
[运行时间：0.019981s] [吞吐率：50.05req/s] [内存消耗：281.27kb] [文件加载：62]
[ info ] [ LANG ] /data/wwwroot/app/thinkphp/lang/zh-cn.php
[ info ] [ ROUTE ] array (
  'type' => 'module',
  'module' => 
  array (
    0 => 'admin',
    1 => 'login',
    2 => 'index',
  ),
)
[ info ] [ HEADER ] array (
  'connection' => 'keep-alive',
  'accept' => 'text/html, image/gif, image/jpeg, *; q=.2, */*; q=.2',
  'host' => 'app.taijidjk69.com',
  'user-agent' => 'Mozilla/5.0 (Linux; Android 4.1.1; Nexus 7 Build/JRO03D))',
  'content-type' => '',
  'content-length' => '',
)
[ info ] [ PARAM ] array (
)
[ info ] [ RUN ] app\admin\controller\Login->index[ /data/wwwroot/app/application/admin/controller/Login.php ]
[ info ] [ VIEW ] /data/wwwroot/app/application/admin/view/login/index.php [ array (
) ]
[ info ] [ LOG ] INIT File
