---------------------------------------------------------------
[ 2019-05-20T15:05:11+08:00 ] 113.118.4.221 GET app.taijidjk69.com/api/v1/order/GetUserOrderList?token=40270c521735bf811b0df3b8a6dc9eea956cabd9&cartId=36
[运行时间：0.052916s] [吞吐率：18.90req/s] [内存消耗：689.13kb] [文件加载：79]
[ info ] [ LANG ] /data/wwwroot/app/thinkphp/lang/zh-cn.php
[ info ] [ ROUTE ] array (
  'type' => 'module',
  'module' => 
  array (
    0 => 'api',
    1 => 'v1.order',
    2 => 'getuserorderlist',
  ),
  'convert' => false,
)
[ info ] [ HEADER ] array (
  'connection' => 'keep-alive',
  'content-length' => '166',
  'accept-encoding' => 'gzip, deflate',
  'host' => 'app.taijidjk69.com',
  'postman-token' => 'deb1b887-9ac0-4a71-aaec-d3283d29f374',
  'cache-control' => 'no-cache',
  'accept' => '*/*',
  'user-agent' => 'PostmanRuntime/7.13.0',
  'app-type' => 'ios',
  'sign' => 'sdfdsfsdfsdfsdfsdf',
  'content-type' => 'multipart/form-data; boundary=--------------------------168913054024372022336709',
)
[ info ] [ PARAM ] array (
  'token' => '40270c521735bf811b0df3b8a6dc9eea956cabd9',
  'cartId' => '36',
  'ver' => 'v1',
)
[ info ] [ DB ] INIT mysql
[ info ] [ RUN ] app\api\controller\v1\Order->GetUserOrderList[ /data/wwwroot/app/application/api/controller/v1/Order.php ]
[ info ] [ SESSION ] INIT array (
  'id' => '',
  'var_session_id' => '',
  'prefix' => 'think',
  'type' => '',
  'auto_start' => true,
  'expire' => 86400,
  'cache_expire' => 86400,
)
[ info ] [ LOG ] INIT File
[ error ] [8]未定义数组索引: pink_id[/data/wwwroot/app/application/routine/model/store/StoreOrder.php:655]
---------------------------------------------------------------
[ 2019-05-20T15:05:47+08:00 ] 113.118.4.221 GET app.taijidjk69.com/api/v1/order/getorder?token=40270c521735bf811b0df3b8a6dc9eea956cabd9&uni=wx2019051316315910001
[运行时间：0.042060s] [吞吐率：23.78req/s] [内存消耗：645.18kb] [文件加载：72]
[ info ] [ LANG ] /data/wwwroot/app/thinkphp/lang/zh-cn.php
[ info ] [ ROUTE ] array (
  'type' => 'module',
  'module' => 
  array (
    0 => 'api',
    1 => 'v1.order',
    2 => 'getorder',
  ),
  'convert' => false,
)
[ info ] [ HEADER ] array (
  'connection' => 'keep-alive',
  'accept-encoding' => 'gzip, deflate',
  'cookie' => 'PHPSESSID=mt4itc6vei4dnh2llsqnss6fv6',
  'host' => 'app.taijidjk69.com',
  'postman-token' => '7f0279b2-e334-4d85-8131-844f52f065ad',
  'cache-control' => 'no-cache',
  'accept' => '*/*',
  'user-agent' => 'PostmanRuntime/7.13.0',
  'content-type' => '',
  'content-length' => '',
)
[ info ] [ PARAM ] array (
  'token' => '40270c521735bf811b0df3b8a6dc9eea956cabd9',
  'uni' => 'wx2019051316315910001',
  'ver' => 'v1',
)
[ info ] [ DB ] INIT mysql
[ info ] [ RUN ] app\api\controller\v1\Order->GetOrder[ /data/wwwroot/app/application/api/controller/v1/Order.php ]
[ info ] [ LOG ] INIT File
---------------------------------------------------------------
[ 2019-05-20T15:08:32+08:00 ] 113.118.4.221 GET app.taijidjk69.com/v1/api/home/baner
[运行时间：0.022871s] [吞吐率：43.72req/s] [内存消耗：268.45kb] [文件加载：54]
[ info ] [ LANG ] /data/wwwroot/app/thinkphp/lang/zh-cn.php
[ info ] [ ROUTE ] array (
  'type' => 'module',
  'module' => 
  array (
    0 => 'v1',
    1 => 'api',
    2 => 'home',
  ),
)
[ info ] [ HEADER ] array (
  'connection' => 'keep-alive',
  'accept-encoding' => 'gzip, deflate',
  'cookie' => 'PHPSESSID=mt4itc6vei4dnh2llsqnss6fv6',
  'host' => 'app.taijidjk69.com',
  'postman-token' => 'a2878b24-c532-4ae3-9fb1-1e73d98e87ff',
  'cache-control' => 'no-cache',
  'accept' => '*/*',
  'user-agent' => 'PostmanRuntime/7.13.0',
  'content-type' => '',
  'content-length' => '',
)
[ info ] [ PARAM ] array (
)
[ info ] [ LOG ] INIT File
---------------------------------------------------------------
[ 2019-05-20T15:08:37+08:00 ] 113.118.4.221 POST app.taijidjk69.com/v1/api/home/baner
[运行时间：0.021582s] [吞吐率：46.33req/s] [内存消耗：266.52kb] [文件加载：54]
[ info ] [ LANG ] /data/wwwroot/app/thinkphp/lang/zh-cn.php
[ info ] [ ROUTE ] array (
  'type' => 'module',
  'module' => 
  array (
    0 => 'v1',
    1 => 'api',
    2 => 'home',
  ),
)
[ info ] [ HEADER ] array (
  'connection' => 'keep-alive',
  'content-length' => '0',
  'accept-encoding' => 'gzip, deflate',
  'cookie' => 'PHPSESSID=mt4itc6vei4dnh2llsqnss6fv6',
  'host' => 'app.taijidjk69.com',
  'postman-token' => '8d2f566d-a29f-442c-881a-df5de46f97ac',
  'cache-control' => 'no-cache',
  'accept' => '*/*',
  'user-agent' => 'PostmanRuntime/7.13.0',
  'content-type' => '',
)
[ info ] [ PARAM ] array (
)
[ info ] [ LOG ] INIT File
---------------------------------------------------------------
[ 2019-05-20T15:08:42+08:00 ] 113.118.4.221 GET app.taijidjk69.com/v1/api/home/baner
[运行时间：0.021349s] [吞吐率：46.84req/s] [内存消耗：267.36kb] [文件加载：54]
[ info ] [ LANG ] /data/wwwroot/app/thinkphp/lang/zh-cn.php
[ info ] [ ROUTE ] array (
  'type' => 'module',
  'module' => 
  array (
    0 => 'v1',
    1 => 'api',
    2 => 'home',
  ),
)
[ info ] [ HEADER ] array (
  'connection' => 'keep-alive',
  'accept-encoding' => 'gzip, deflate',
  'cookie' => 'PHPSESSID=mt4itc6vei4dnh2llsqnss6fv6',
  'host' => 'app.taijidjk69.com',
  'postman-token' => '221a6670-dd37-4fb3-933a-99f41f972d90',
  'cache-control' => 'no-cache',
  'accept' => '*/*',
  'user-agent' => 'PostmanRuntime/7.13.0',
  'content-type' => '',
  'content-length' => '',
)
[ info ] [ PARAM ] array (
)
[ info ] [ LOG ] INIT File
---------------------------------------------------------------
[ 2019-05-20T15:08:49+08:00 ] 113.118.4.221 GET app.taijidjk69.com/api/home/baner
[运行时间：0.022846s] [吞吐率：43.77req/s] [内存消耗：270.16kb] [文件加载：56]
[ info ] [ LANG ] /data/wwwroot/app/thinkphp/lang/zh-cn.php
[ info ] [ ROUTE ] array (
  'type' => 'module',
  'module' => 
  array (
    0 => 'api',
    1 => 'home',
    2 => 'baner',
  ),
)
[ info ] [ HEADER ] array (
  'connection' => 'keep-alive',
  'accept-encoding' => 'gzip, deflate',
  'cookie' => 'PHPSESSID=mt4itc6vei4dnh2llsqnss6fv6',
  'host' => 'app.taijidjk69.com',
  'postman-token' => '624c3a08-658c-4884-9dfe-c2665469ce65',
  'cache-control' => 'no-cache',
  'accept' => '*/*',
  'user-agent' => 'PostmanRuntime/7.13.0',
  'content-type' => '',
  'content-length' => '',
)
[ info ] [ PARAM ] array (
)
[ info ] [ LOG ] INIT File
---------------------------------------------------------------
[ 2019-05-20T15:08:53+08:00 ] 113.118.4.221 GET app.taijidjk69.com/v1/api/home/baner
[运行时间：0.022295s] [吞吐率：44.85req/s] [内存消耗：267.36kb] [文件加载：54]
[ info ] [ LANG ] /data/wwwroot/app/thinkphp/lang/zh-cn.php
[ info ] [ ROUTE ] array (
  'type' => 'module',
  'module' => 
  array (
    0 => 'v1',
    1 => 'api',
    2 => 'home',
  ),
)
[ info ] [ HEADER ] array (
  'connection' => 'keep-alive',
  'accept-encoding' => 'gzip, deflate',
  'cookie' => 'PHPSESSID=mt4itc6vei4dnh2llsqnss6fv6',
  'host' => 'app.taijidjk69.com',
  'postman-token' => '9cb14a7b-b8bf-4d18-9f3e-a78fe7e34b99',
  'cache-control' => 'no-cache',
  'accept' => '*/*',
  'user-agent' => 'PostmanRuntime/7.13.0',
  'content-type' => '',
  'content-length' => '',
)
[ info ] [ PARAM ] array (
)
[ info ] [ LOG ] INIT File
---------------------------------------------------------------
[ 2019-05-20T15:09:23+08:00 ] 113.118.4.221 GET app.taijidjk69.com/v1/api/home/baner
[运行时间：0.021714s] [吞吐率：46.05req/s] [内存消耗：267.36kb] [文件加载：54]
[ info ] [ LANG ] /data/wwwroot/app/thinkphp/lang/zh-cn.php
[ info ] [ ROUTE ] array (
  'type' => 'module',
  'module' => 
  array (
    0 => 'v1',
    1 => 'api',
    2 => 'home',
  ),
)
[ info ] [ HEADER ] array (
  'connection' => 'keep-alive',
  'accept-encoding' => 'gzip, deflate',
  'cookie' => 'PHPSESSID=mt4itc6vei4dnh2llsqnss6fv6',
  'host' => 'app.taijidjk69.com',
  'postman-token' => 'b0042a68-0191-4ea3-811b-00eee75b245c',
  'cache-control' => 'no-cache',
  'accept' => '*/*',
  'user-agent' => 'PostmanRuntime/7.13.0',
  'content-type' => '',
  'content-length' => '',
)
[ info ] [ PARAM ] array (
)
[ info ] [ LOG ] INIT File
---------------------------------------------------------------
[ 2019-05-20T15:09:48+08:00 ] 113.118.4.221 GET app.taijidjk69.com/api/v1/order/getuserorderlist
[运行时间：0.024767s] [吞吐率：40.38req/s] [内存消耗：360.98kb] [文件加载：65]
[ info ] [ LANG ] /data/wwwroot/app/thinkphp/lang/zh-cn.php
[ info ] [ ROUTE ] array (
  'type' => 'module',
  'module' => 
  array (
    0 => 'api',
    1 => 'v1.order',
    2 => 'getuserorderlist',
  ),
  'convert' => false,
)
[ info ] [ HEADER ] array (
  'connection' => 'keep-alive',
  'accept-encoding' => 'gzip, deflate',
  'cookie' => 'PHPSESSID=mt4itc6vei4dnh2llsqnss6fv6',
  'host' => 'app.taijidjk69.com',
  'postman-token' => '6ff6dc31-eab9-49f4-a488-8f8a37c7ffb2',
  'cache-control' => 'no-cache',
  'accept' => '*/*',
  'user-agent' => 'PostmanRuntime/7.13.0',
  'content-type' => '',
  'content-length' => '',
)
[ info ] [ PARAM ] array (
  'ver' => 'v1',
)
[ info ] [ LOG ] INIT File
[ error ] [0]您没有权限,token参数为空[/data/wwwroot/app/application/api/controller/Auth.php:47]
---------------------------------------------------------------
[ 2019-05-20T15:09:59+08:00 ] 113.118.4.221 GET app.taijidjk69.com/api/v1/order/getuserorderlist
[运行时间：0.023497s] [吞吐率：42.56req/s] [内存消耗：359.89kb] [文件加载：65]
[ info ] [ LANG ] /data/wwwroot/app/thinkphp/lang/zh-cn.php
[ info ] [ ROUTE ] array (
  'type' => 'module',
  'module' => 
  array (
    0 => 'api',
    1 => 'v1.order',
    2 => 'getuserorderlist',
  ),
  'convert' => false,
)
[ info ] [ HEADER ] array (
  'connection' => 'keep-alive',
  'accept-encoding' => 'gzip, deflate',
  'cookie' => 'PHPSESSID=mt4itc6vei4dnh2llsqnss6fv6',
  'host' => 'app.taijidjk69.com',
  'postman-token' => '87fb3958-8307-4063-bb59-96cf5e148160',
  'cache-control' => 'no-cache',
  'accept' => '*/*',
  'user-agent' => 'PostmanRuntime/7.13.0',
  'content-type' => '',
  'content-length' => '',
)
[ info ] [ PARAM ] array (
  'ver' => 'v1',
)
[ info ] [ LOG ] INIT File
[ error ] [0]您没有权限,token参数为空[/data/wwwroot/app/application/api/controller/Auth.php:47]
---------------------------------------------------------------
[ 2019-05-20T15:10:21+08:00 ] 113.118.4.221 GET app.taijidjk69.com/api/v1/address/useraddresslist
[运行时间：0.024698s] [吞吐率：40.49req/s] [内存消耗：360.96kb] [文件加载：65]
[ info ] [ LANG ] /data/wwwroot/app/thinkphp/lang/zh-cn.php
[ info ] [ ROUTE ] array (
  'type' => 'module',
  'module' => 
  array (
    0 => 'api',
    1 => 'v1.address',
    2 => 'useraddresslist',
  ),
  'convert' => false,
)
[ info ] [ HEADER ] array (
  'connection' => 'keep-alive',
  'accept-encoding' => 'gzip, deflate',
  'cookie' => 'PHPSESSID=mt4itc6vei4dnh2llsqnss6fv6',
  'host' => 'app.taijidjk69.com',
  'postman-token' => '5bdd6950-6746-49ab-af90-a18f3829feaf',
  'cache-control' => 'no-cache',
  'accept' => '*/*',
  'user-agent' => 'PostmanRuntime/7.13.0',
  'content-type' => '',
  'content-length' => '',
)
[ info ] [ PARAM ] array (
  'ver' => 'v1',
)
[ info ] [ LOG ] INIT File
[ error ] [0]您没有权限,token参数为空[/data/wwwroot/app/application/api/controller/Auth.php:47]
---------------------------------------------------------------
[ 2019-05-20T15:10:43+08:00 ] 113.118.4.221 GET app.taijidjk69.com/api/v1/address/useraddresslist
[运行时间：0.024149s] [吞吐率：41.41req/s] [内存消耗：360.66kb] [文件加载：65]
[ info ] [ LANG ] /data/wwwroot/app/thinkphp/lang/zh-cn.php
[ info ] [ ROUTE ] array (
  'type' => 'module',
  'module' => 
  array (
    0 => 'api',
    1 => 'v1.address',
    2 => 'useraddresslist',
  ),
  'convert' => false,
)
[ info ] [ HEADER ] array (
  'connection' => 'keep-alive',
  'content-length' => '200',
  'accept-encoding' => 'gzip, deflate',
  'cookie' => 'PHPSESSID=mt4itc6vei4dnh2llsqnss6fv6',
  'host' => 'app.taijidjk69.com',
  'postman-token' => '8cf48c1f-5755-486a-9562-e57605c845fc',
  'cache-control' => 'no-cache',
  'accept' => '*/*',
  'user-agent' => 'PostmanRuntime/7.13.0',
  'content-type' => 'multipart/form-data; boundary=--------------------------341536050395013761165556',
)
[ info ] [ PARAM ] array (
  'ver' => 'v1',
)
[ info ] [ LOG ] INIT File
[ error ] [0]您没有权限,token参数为空[/data/wwwroot/app/application/api/controller/Auth.php:47]
---------------------------------------------------------------
[ 2019-05-20T15:10:49+08:00 ] 113.118.4.221 GET app.taijidjk69.com/api/v1/address/useraddresslist
[运行时间：0.024614s] [吞吐率：40.63req/s] [内存消耗：360.66kb] [文件加载：65]
[ info ] [ LANG ] /data/wwwroot/app/thinkphp/lang/zh-cn.php
[ info ] [ ROUTE ] array (
  'type' => 'module',
  'module' => 
  array (
    0 => 'api',
    1 => 'v1.address',
    2 => 'useraddresslist',
  ),
  'convert' => false,
)
[ info ] [ HEADER ] array (
  'connection' => 'keep-alive',
  'content-length' => '200',
  'accept-encoding' => 'gzip, deflate',
  'cookie' => 'PHPSESSID=mt4itc6vei4dnh2llsqnss6fv6',
  'host' => 'app.taijidjk69.com',
  'postman-token' => '24de4f48-b3b4-4d2d-a034-93a10b58bf00',
  'cache-control' => 'no-cache',
  'accept' => '*/*',
  'user-agent' => 'PostmanRuntime/7.13.0',
  'content-type' => 'multipart/form-data; boundary=--------------------------333862190358434623469174',
)
[ info ] [ PARAM ] array (
  'ver' => 'v1',
)
[ info ] [ LOG ] INIT File
[ error ] [0]您没有权限,token参数为空[/data/wwwroot/app/application/api/controller/Auth.php:47]
---------------------------------------------------------------
[ 2019-05-20T15:10:57+08:00 ] 113.118.4.221 GET app.taijidjk69.com/api/v1/address/useraddresslist?token=4b7df13e8ab536f83b59f4b7367b094d
[运行时间：0.030675s] [吞吐率：32.60req/s] [内存消耗：620.73kb] [文件加载：74]
[ info ] [ LANG ] /data/wwwroot/app/thinkphp/lang/zh-cn.php
[ info ] [ ROUTE ] array (
  'type' => 'module',
  'module' => 
  array (
    0 => 'api',
    1 => 'v1.address',
    2 => 'useraddresslist',
  ),
  'convert' => false,
)
[ info ] [ HEADER ] array (
  'connection' => 'keep-alive',
  'content-length' => '200',
  'accept-encoding' => 'gzip, deflate',
  'cookie' => 'PHPSESSID=mt4itc6vei4dnh2llsqnss6fv6',
  'host' => 'app.taijidjk69.com',
  'postman-token' => '59a654e2-e37b-4781-881f-f837b8d8d775',
  'cache-control' => 'no-cache',
  'accept' => '*/*',
  'user-agent' => 'PostmanRuntime/7.13.0',
  'content-type' => 'multipart/form-data; boundary=--------------------------302531605075272611517555',
)
[ info ] [ PARAM ] array (
  'token' => '4b7df13e8ab536f83b59f4b7367b094d',
  'ver' => 'v1',
)
[ info ] [ DB ] INIT mysql
[ info ] [ LOG ] INIT File
[ error ] [0]token错误[/data/wwwroot/app/application/api/controller/Auth.php:56]
---------------------------------------------------------------
[ 2019-05-20T15:11:06+08:00 ] 113.118.4.221 GET app.taijidjk69.com/api/v1/address/useraddresslist?token=963514bba87501f06010c30f27847254b8219e83
[运行时间：0.030227s] [吞吐率：33.08req/s] [内存消耗：621.48kb] [文件加载：74]
[ info ] [ LANG ] /data/wwwroot/app/thinkphp/lang/zh-cn.php
[ info ] [ ROUTE ] array (
  'type' => 'module',
  'module' => 
  array (
    0 => 'api',
    1 => 'v1.address',
    2 => 'useraddresslist',
  ),
  'convert' => false,
)
[ info ] [ HEADER ] array (
  'connection' => 'keep-alive',
  'content-length' => '200',
  'accept-encoding' => 'gzip, deflate',
  'cookie' => 'PHPSESSID=mt4itc6vei4dnh2llsqnss6fv6',
  'host' => 'app.taijidjk69.com',
  'postman-token' => '5d698791-9f88-48eb-b90f-1d215c1badca',
  'cache-control' => 'no-cache',
  'accept' => '*/*',
  'user-agent' => 'PostmanRuntime/7.13.0',
  'content-type' => 'multipart/form-data; boundary=--------------------------855468430632028003411459',
)
[ info ] [ PARAM ] array (
  'token' => '963514bba87501f06010c30f27847254b8219e83',
  'ver' => 'v1',
)
[ info ] [ DB ] INIT mysql
[ info ] [ LOG ] INIT File
[ error ] [3]token过期,请重新登录[/data/wwwroot/app/application/api/controller/Auth.php:61]
---------------------------------------------------------------
[ 2019-05-20T15:11:19+08:00 ] 113.118.4.221 GET app.taijidjk69.com/api/v1/address/useraddresslist?token=963514bba87501f06010c30f27847254b8219e83
[运行时间：0.030259s] [吞吐率：33.05req/s] [内存消耗：621.48kb] [文件加载：74]
[ info ] [ LANG ] /data/wwwroot/app/thinkphp/lang/zh-cn.php
[ info ] [ ROUTE ] array (
  'type' => 'module',
  'module' => 
  array (
    0 => 'api',
    1 => 'v1.address',
    2 => 'useraddresslist',
  ),
  'convert' => false,
)
[ info ] [ HEADER ] array (
  'connection' => 'keep-alive',
  'content-length' => '200',
  'accept-encoding' => 'gzip, deflate',
  'cookie' => 'PHPSESSID=mt4itc6vei4dnh2llsqnss6fv6',
  'host' => 'app.taijidjk69.com',
  'postman-token' => 'b0738a4b-f739-4e3c-8a0f-a4fadb34cfe9',
  'cache-control' => 'no-cache',
  'accept' => '*/*',
  'user-agent' => 'PostmanRuntime/7.13.0',
  'content-type' => 'multipart/form-data; boundary=--------------------------413688818293918318248550',
)
[ info ] [ PARAM ] array (
  'token' => '963514bba87501f06010c30f27847254b8219e83',
  'ver' => 'v1',
)
[ info ] [ DB ] INIT mysql
[ info ] [ LOG ] INIT File
[ error ] [3]token过期,请重新登录[/data/wwwroot/app/application/api/controller/Auth.php:61]
---------------------------------------------------------------
[ 2019-05-20T15:11:48+08:00 ] 113.118.4.221 GET app.taijidjk69.com/api/v1/address/useraddresslist?token=963514bba87501f06010c30f27847254b8219e83
[运行时间：0.031324s] [吞吐率：31.92req/s] [内存消耗：621.48kb] [文件加载：74]
[ info ] [ LANG ] /data/wwwroot/app/thinkphp/lang/zh-cn.php
[ info ] [ ROUTE ] array (
  'type' => 'module',
  'module' => 
  array (
    0 => 'api',
    1 => 'v1.address',
    2 => 'useraddresslist',
  ),
  'convert' => false,
)
[ info ] [ HEADER ] array (
  'connection' => 'keep-alive',
  'content-length' => '200',
  'accept-encoding' => 'gzip, deflate',
  'cookie' => 'PHPSESSID=mt4itc6vei4dnh2llsqnss6fv6',
  'host' => 'app.taijidjk69.com',
  'postman-token' => 'bacb8301-82af-4df0-9b69-81530c0f9fe8',
  'cache-control' => 'no-cache',
  'accept' => '*/*',
  'user-agent' => 'PostmanRuntime/7.13.0',
  'content-type' => 'multipart/form-data; boundary=--------------------------906063832198814367906606',
)
[ info ] [ PARAM ] array (
  'token' => '963514bba87501f06010c30f27847254b8219e83',
  'ver' => 'v1',
)
[ info ] [ DB ] INIT mysql
[ info ] [ LOG ] INIT File
[ error ] [3]token过期,请重新登录[/data/wwwroot/app/application/api/controller/Auth.php:61]
---------------------------------------------------------------
[ 2019-05-20T15:11:52+08:00 ] 113.118.4.221 GET app.taijidjk69.com/api/v1/address/useraddresslist?token=963514bba87501f06010c30f27847254b8219e83
[运行时间：0.030107s] [吞吐率：33.21req/s] [内存消耗：621.48kb] [文件加载：74]
[ info ] [ LANG ] /data/wwwroot/app/thinkphp/lang/zh-cn.php
[ info ] [ ROUTE ] array (
  'type' => 'module',
  'module' => 
  array (
    0 => 'api',
    1 => 'v1.address',
    2 => 'useraddresslist',
  ),
  'convert' => false,
)
[ info ] [ HEADER ] array (
  'connection' => 'keep-alive',
  'content-length' => '200',
  'accept-encoding' => 'gzip, deflate',
  'cookie' => 'PHPSESSID=mt4itc6vei4dnh2llsqnss6fv6',
  'host' => 'app.taijidjk69.com',
  'postman-token' => '9f5768f5-4f70-4c91-8d31-b0aab478ff96',
  'cache-control' => 'no-cache',
  'accept' => '*/*',
  'user-agent' => 'PostmanRuntime/7.13.0',
  'content-type' => 'multipart/form-data; boundary=--------------------------983342621476770477656249',
)
[ info ] [ PARAM ] array (
  'token' => '963514bba87501f06010c30f27847254b8219e83',
  'ver' => 'v1',
)
[ info ] [ DB ] INIT mysql
[ info ] [ LOG ] INIT File
[ error ] [3]token过期,请重新登录[/data/wwwroot/app/application/api/controller/Auth.php:61]
---------------------------------------------------------------
[ 2019-05-20T15:15:11+08:00 ] 113.118.4.221 GET app.taijidjk69.com/api/v1/address/useraddresslist?token=963514bba87501f06010c30f27847254b8219e83
[运行时间：0.033362s] [吞吐率：29.97req/s] [内存消耗：639.04kb] [文件加载：73]
[ info ] [ LANG ] /data/wwwroot/app/thinkphp/lang/zh-cn.php
[ info ] [ ROUTE ] array (
  'type' => 'module',
  'module' => 
  array (
    0 => 'api',
    1 => 'v1.address',
    2 => 'useraddresslist',
  ),
  'convert' => false,
)
[ info ] [ HEADER ] array (
  'connection' => 'keep-alive',
  'content-length' => '200',
  'accept-encoding' => 'gzip, deflate',
  'cookie' => 'PHPSESSID=mt4itc6vei4dnh2llsqnss6fv6',
  'host' => 'app.taijidjk69.com',
  'postman-token' => '9cccad56-30ef-40cf-a1a8-b7607cba2864',
  'cache-control' => 'no-cache',
  'accept' => '*/*',
  'user-agent' => 'PostmanRuntime/7.13.0',
  'content-type' => 'multipart/form-data; boundary=--------------------------937910592479721187767125',
)
[ info ] [ PARAM ] array (
  'token' => '963514bba87501f06010c30f27847254b8219e83',
  'ver' => 'v1',
)
[ info ] [ DB ] INIT mysql
[ info ] [ RUN ] app\api\controller\v1\Address->UserAddressList[ /data/wwwroot/app/application/api/controller/v1/Address.php ]
[ info ] [ LOG ] INIT File
---------------------------------------------------------------
[ 2019-05-20T15:17:15+08:00 ] 113.118.4.221 GET app.taijidjk69.com/api/v1/home/baner?token=963514bba87501f06010c30f27847254b8219e83
[运行时间：0.032214s] [吞吐率：31.04req/s] [内存消耗：636.35kb] [文件加载：73]
[ info ] [ LANG ] /data/wwwroot/app/thinkphp/lang/zh-cn.php
[ info ] [ ROUTE ] array (
  'type' => 'module',
  'module' => 
  array (
    0 => 'api',
    1 => 'v1.home',
    2 => 'baner',
  ),
  'convert' => false,
)
[ info ] [ HEADER ] array (
  'connection' => 'keep-alive',
  'content-length' => '200',
  'accept-encoding' => 'gzip, deflate',
  'cookie' => 'PHPSESSID=mt4itc6vei4dnh2llsqnss6fv6',
  'host' => 'app.taijidjk69.com',
  'postman-token' => '5f361d82-4a06-4b62-a607-7bd3720b078c',
  'cache-control' => 'no-cache',
  'accept' => '*/*',
  'user-agent' => 'PostmanRuntime/7.13.0',
  'content-type' => 'multipart/form-data; boundary=--------------------------069910871111772946087536',
)
[ info ] [ PARAM ] array (
  'token' => '963514bba87501f06010c30f27847254b8219e83',
  'ver' => 'v1',
)
[ info ] [ DB ] INIT mysql
[ info ] [ RUN ] app\api\controller\v1\Home->Baner[ /data/wwwroot/app/application/api/controller/v1/Home.php ]
[ info ] [ LOG ] INIT File
---------------------------------------------------------------
[ 2019-05-20T15:17:45+08:00 ] 113.118.4.221 GET app.taijidjk69.com/v1/api/home/baner?token=963514bba87501f06010c30f27847254b8219e83
[运行时间：0.020581s] [吞吐率：48.59req/s] [内存消耗：268.59kb] [文件加载：54]
[ info ] [ LANG ] /data/wwwroot/app/thinkphp/lang/zh-cn.php
[ info ] [ ROUTE ] array (
  'type' => 'module',
  'module' => 
  array (
    0 => 'v1',
    1 => 'api',
    2 => 'home',
  ),
)
[ info ] [ HEADER ] array (
  'connection' => 'keep-alive',
  'content-length' => '200',
  'accept-encoding' => 'gzip, deflate',
  'cookie' => 'PHPSESSID=mt4itc6vei4dnh2llsqnss6fv6',
  'host' => 'app.taijidjk69.com',
  'postman-token' => 'bd9c1810-f611-42d3-a89f-cfe53afcc726',
  'cache-control' => 'no-cache',
  'accept' => '*/*',
  'user-agent' => 'PostmanRuntime/7.13.0',
  'content-type' => 'multipart/form-data; boundary=--------------------------175066400723078483888867',
)
[ info ] [ PARAM ] array (
  'token' => '963514bba87501f06010c30f27847254b8219e83',
)
[ info ] [ LOG ] INIT File
---------------------------------------------------------------
[ 2019-05-20T15:17:57+08:00 ] 113.118.4.221 GET app.taijidjk69.com/api/v1/home/baner?token=963514bba87501f06010c30f27847254b8219e83
[运行时间：0.029528s] [吞吐率：33.87req/s] [内存消耗：635.16kb] [文件加载：73]
[ info ] [ LANG ] /data/wwwroot/app/thinkphp/lang/zh-cn.php
[ info ] [ ROUTE ] array (
  'type' => 'module',
  'module' => 
  array (
    0 => 'api',
    1 => 'v1.home',
    2 => 'baner',
  ),
  'convert' => false,
)
[ info ] [ HEADER ] array (
  'connection' => 'keep-alive',
  'content-length' => '200',
  'accept-encoding' => 'gzip, deflate',
  'cookie' => 'PHPSESSID=mt4itc6vei4dnh2llsqnss6fv6',
  'host' => 'app.taijidjk69.com',
  'postman-token' => '6e593363-a91d-4783-b1b3-7e99fc3a55f8',
  'cache-control' => 'no-cache',
  'accept' => '*/*',
  'user-agent' => 'PostmanRuntime/7.13.0',
  'content-type' => 'multipart/form-data; boundary=--------------------------307732710755278882841735',
)
[ info ] [ PARAM ] array (
  'token' => '963514bba87501f06010c30f27847254b8219e83',
  'ver' => 'v1',
)
[ info ] [ DB ] INIT mysql
[ info ] [ RUN ] app\api\controller\v1\Home->Baner[ /data/wwwroot/app/application/api/controller/v1/Home.php ]
[ info ] [ LOG ] INIT File
